<?xml version="1.0" encoding="UTF-8"?>
<!-- Generated by org.testng.reporters.JUnitReportReporter -->
<testsuite hostname="LAPTOP-GER31LKJ" failures="0" tests="1" name="test_script.TestScript_01" time="2.166" errors="0" timestamp="2021-11-24T15:14:06 IST" skipped="0">
  <testcase classname="test_script.TestScript_01" name="testmethod" time="2.166"/>
  <system-out/>
</testsuite> <!-- test_script.TestScript_01 -->
